<?xml version="1.0" encoding="UTF-8"?>
<robot generator="Robot 7.0 (Python 3.12.3 on linux)" generated="2024-05-02T10:20:47.126605" rpa="false" schemaversion="5">
<suite id="s1" name="Post" source="/home/sami/serverestapi/tests/post.robot">
<test id="s1-t1" name="CT01 - cadastro de usuário" line="6">
<kw name="Criar sessão" owner="api_serverest">
<kw name="Create Dictionary" owner="BuiltIn">
<msg time="2024-05-02T10:20:47.260164" level="INFO">${headers} = {'accept': 'application/json', 'Content-Type': 'application/json'}</msg>
<var>${headers}</var>
<arg>accept=application/json</arg>
<arg>Content-Type=application/json</arg>
<doc>Creates and returns a dictionary based on the given ``items``.</doc>
<status status="PASS" start="2024-05-02T10:20:47.259919" elapsed="0.000273"/>
</kw>
<kw name="Create Session" owner="RequestsLibrary">
<msg time="2024-05-02T10:20:47.260469" level="INFO">Creating Session using : alias=APIServerRest, url=https://serverest.dev/, headers={'accept': 'application/json', 'Content-Type': 'application/json'},                     cookies={}, auth=None, timeout=None, proxies=None, verify=False,                     debug=0 </msg>
<arg>alias=APIServerRest</arg>
<arg>url=https://serverest.dev/</arg>
<arg>headers=${headers}</arg>
<doc>Create Session: create a HTTP session to a server</doc>
<status status="PASS" start="2024-05-02T10:20:47.260303" elapsed="0.000296"/>
</kw>
<status status="PASS" start="2024-05-02T10:20:47.259288" elapsed="0.001374"/>
</kw>
<kw name=" Criar um novo usuario" owner="api_serverest">
<kw name="Generate Random String" owner="String">
<msg time="2024-05-02T10:20:47.261156" level="INFO">${palavra_randomica} = ZzQIbHqT</msg>
<var>${palavra_randomica}</var>
<arg>length=8</arg>
<arg>chars=[LETTERS]</arg>
<doc>Generates a string with a desired ``length`` from the given ``chars``.</doc>
<status status="PASS" start="2024-05-02T10:20:47.260975" elapsed="0.000200"/>
</kw>
<kw name="Convert To Lower Case" owner="String">
<msg time="2024-05-02T10:20:47.261345" level="INFO">${palavra_randomica} = zzqibhqt</msg>
<var>${palavra_randomica}</var>
<arg>${palavra_randomica}</arg>
<doc>Converts string to lower case.</doc>
<status status="PASS" start="2024-05-02T10:20:47.261248" elapsed="0.000111"/>
</kw>
<kw name="Set Test Variable" owner="BuiltIn">
<msg time="2024-05-02T10:20:47.261904" level="INFO">${EMAIL_TEST} = zzqibhqt@qacoders.com.br</msg>
<arg>${EMAIL_TEST}</arg>
<arg>${palavra_randomica}@qacoders.com.br</arg>
<doc>Makes a variable available everywhere within the scope of the current test.</doc>
<status status="PASS" start="2024-05-02T10:20:47.261428" elapsed="0.000503"/>
</kw>
<kw name="Log" owner="BuiltIn">
<msg time="2024-05-02T10:20:47.262077" level="INFO">zzqibhqt@qacoders.com.br</msg>
<arg>${EMAIL_TEST}</arg>
<doc>Logs the given message with the given level.</doc>
<status status="PASS" start="2024-05-02T10:20:47.262001" elapsed="0.000102"/>
</kw>
<status status="PASS" start="2024-05-02T10:20:47.260798" elapsed="0.001345"/>
</kw>
<kw name="Cadastrar o novo usuario criado" owner="api_serverest">
<kw name="Create Dictionary" owner="BuiltIn">
<msg time="2024-05-02T10:20:47.262587" level="INFO">${body} = {'nome': 'Fulano da Silva', 'email': 'zzqibhqt@qacoders.com.br', 'password': 'teste', 'administrador': 'true'}</msg>
<var>${body}</var>
<arg>nome=Fulano da Silva</arg>
<arg>email=${EMAIL_TEST}</arg>
<arg>password=teste</arg>
<arg>administrador=true</arg>
<doc>Creates and returns a dictionary based on the given ``items``.</doc>
<status status="PASS" start="2024-05-02T10:20:47.262431" elapsed="0.000173"/>
</kw>
<kw name="Log" owner="BuiltIn">
<msg time="2024-05-02T10:20:47.262759" level="INFO">{'nome': 'Fulano da Silva', 'email': 'zzqibhqt@qacoders.com.br', 'password': 'teste', 'administrador': 'true'}</msg>
<arg>${body}</arg>
<doc>Logs the given message with the given level.</doc>
<status status="PASS" start="2024-05-02T10:20:47.262678" elapsed="0.000106"/>
</kw>
<kw name="Criar sessão" owner="api_serverest">
<kw name="Create Dictionary" owner="BuiltIn">
<msg time="2024-05-02T10:20:47.263094" level="INFO">${headers} = {'accept': 'application/json', 'Content-Type': 'application/json'}</msg>
<var>${headers}</var>
<arg>accept=application/json</arg>
<arg>Content-Type=application/json</arg>
<doc>Creates and returns a dictionary based on the given ``items``.</doc>
<status status="PASS" start="2024-05-02T10:20:47.262998" elapsed="0.000110"/>
</kw>
<kw name="Create Session" owner="RequestsLibrary">
<msg time="2024-05-02T10:20:47.263278" level="INFO">Creating Session using : alias=APIServerRest, url=https://serverest.dev/, headers={'accept': 'application/json', 'Content-Type': 'application/json'},                     cookies={}, auth=None, timeout=None, proxies=None, verify=False,                     debug=0 </msg>
<arg>alias=APIServerRest</arg>
<arg>url=https://serverest.dev/</arg>
<arg>headers=${headers}</arg>
<doc>Create Session: create a HTTP session to a server</doc>
<status status="PASS" start="2024-05-02T10:20:47.263173" elapsed="0.000195"/>
</kw>
<status status="PASS" start="2024-05-02T10:20:47.262863" elapsed="0.000548"/>
</kw>
<kw name="POST On Session" owner="RequestsLibrary">
<msg time="2024-05-02T10:20:48.078229" level="INFO">POST Request : url=https://serverest.dev/usuarios 
 path_url=/usuarios 
 headers={'User-Agent': 'python-requests/2.31.0', 'Accept-Encoding': 'gzip, deflate, br', 'accept': 'application/json', 'Connection': 'keep-alive', 'Content-Type': 'application/json', 'Content-Length': '110'} 
 body=b'{"nome": "Fulano da Silva", "email": "zzqibhqt@qacoders.com.br", "password": "teste", "administrador": "true"}' 
 </msg>
<msg time="2024-05-02T10:20:48.078476" level="INFO">POST Response : url=https://serverest.dev/usuarios 
 status=201, reason=Created 
 headers={'access-control-allow-origin': '*', 'x-dns-prefetch-control': 'off', 'x-frame-options': 'SAMEORIGIN', 'strict-transport-security': 'max-age=15552000; includeSubDomains', 'x-download-options': 'noopen', 'x-content-type-options': 'nosniff', 'x-xss-protection': '1; mode=block', 'content-type': 'application/json; charset=utf-8', 'X-Cloud-Trace-Context': '0407fc087b66e95f722ed5c59ecf56ec;o=1', 'Date': 'Thu, 02 May 2024 13:20:47 GMT', 'Server': 'Google Frontend', 'Content-Length': '82'} 
 body={
    "message": "Cadastro realizado com sucesso",
    "_id": "fgo5cfN6ahHQH7HV"
} 
 </msg>
<msg time="2024-05-02T10:20:48.078615" level="INFO">/usr/lib/python3.12/site-packages/urllib3/connectionpool.py:1061: InsecureRequestWarning: Unverified HTTPS request is being made to host 'serverest.dev'. Adding certificate verification is strongly advised. See: https://urllib3.readthedocs.io/en/1.26.x/advanced-usage.html#ssl-warnings
  warnings.warn(</msg>
<msg time="2024-05-02T10:20:48.078853" level="INFO">${resposta} = &lt;Response [201]&gt;</msg>
<var>${resposta}</var>
<arg>alias=APIServerRest</arg>
<arg>url=/usuarios</arg>
<arg>json=${body}</arg>
<doc>Sends a POST request on a previously created HTTP Session.</doc>
<status status="PASS" start="2024-05-02T10:20:47.263474" elapsed="0.815436"/>
</kw>
<kw name="Log" owner="BuiltIn">
<msg time="2024-05-02T10:20:48.080222" level="INFO">{'message': 'Cadastro realizado com sucesso', '_id': 'fgo5cfN6ahHQH7HV'}</msg>
<arg>${resposta.json()}</arg>
<doc>Logs the given message with the given level.</doc>
<status status="PASS" start="2024-05-02T10:20:48.079303" elapsed="0.001020"/>
</kw>
<kw name="Set Test Variable" owner="BuiltIn">
<msg time="2024-05-02T10:20:48.082344" level="INFO">${ID_USUARIO} = fgo5cfN6ahHQH7HV</msg>
<arg>${ID_USUARIO}</arg>
<arg>${resposta.json()["_id"]}</arg>
<doc>Makes a variable available everywhere within the scope of the current test.</doc>
<status status="PASS" start="2024-05-02T10:20:48.080604" elapsed="0.001885"/>
</kw>
<kw name="Set Test Variable" owner="BuiltIn">
<msg time="2024-05-02T10:20:48.083714" level="INFO">${RESPOSTA} = {'message': 'Cadastro realizado com sucesso', '_id': 'fgo5cfN6ahHQH7HV'}</msg>
<arg>${RESPOSTA}</arg>
<arg>${resposta.json()}</arg>
<doc>Makes a variable available everywhere within the scope of the current test.</doc>
<status status="PASS" start="2024-05-02T10:20:48.082787" elapsed="0.001024"/>
</kw>
<status status="PASS" start="2024-05-02T10:20:47.262275" elapsed="0.821859"/>
</kw>
<kw name="Conferir se o novo usuário foi cadastrado corretamente" owner="api_serverest">
<kw name="Log" owner="BuiltIn">
<msg time="2024-05-02T10:20:48.085514" level="INFO">{'message': 'Cadastro realizado com sucesso', '_id': 'fgo5cfN6ahHQH7HV'}</msg>
<arg>${RESPOSTA}</arg>
<doc>Logs the given message with the given level.</doc>
<status status="PASS" start="2024-05-02T10:20:48.085162" elapsed="0.000481"/>
</kw>
<kw name="Dictionary Should Contain Item" owner="Collections">
<msg time="2024-05-02T10:20:48.086547" level="INFO">False
False</msg>
<arg>${RESPOSTA}</arg>
<arg>message</arg>
<arg>Cadastro realizado com sucesso</arg>
<doc>An item of ``key`` / ``value`` must be found in a ``dictionary``.</doc>
<status status="PASS" start="2024-05-02T10:20:48.086011" elapsed="0.000688"/>
</kw>
<status status="PASS" start="2024-05-02T10:20:48.084595" elapsed="0.002329"/>
</kw>
<status status="PASS" start="2024-05-02T10:20:47.258111" elapsed="0.829266"/>
</test>
<status status="PASS" start="2024-05-02T10:20:47.127163" elapsed="0.961492"/>
</suite>
<statistics>
<total>
<stat pass="1" fail="0" skip="0">All Tests</stat>
</total>
<tag>
</tag>
<suite>
<stat pass="1" fail="0" skip="0" id="s1" name="Post">Post</stat>
</suite>
</statistics>
<errors>
</errors>
</robot>
